2024-07-10 23:08:27.272 [info] Extension host with pid 2116979 started
2024-07-10 23:08:27.287 [info] Lock '/home/ws_prot_8/.vscode-server/data/User/workspaceStorage/8f5e8ab12ac863f233e1f8144bc99660/vscode.lock': Lock acquired.
2024-07-10 23:08:27.330 [info] ExtensionService#_doActivateExtension vscode.git-base, startup: true, activationEvent: '*'
2024-07-10 23:08:27.377 [info] ExtensionService#_doActivateExtension vscode.github, startup: true, activationEvent: '*'
2024-07-10 23:08:27.469 [info] Eager extensions activated
2024-07-10 23:08:27.469 [info] ExtensionService#_doActivateExtension vscode.debug-auto-launch, startup: false, activationEvent: 'onStartupFinished'
2024-07-10 23:08:27.469 [info] ExtensionService#_doActivateExtension vscode.merge-conflict, startup: false, activationEvent: 'onStartupFinished'
2024-07-10 23:08:28.976 [info] ExtensionService#_doActivateExtension vscode.git, startup: false, activationEvent: 'api', root cause: vscode.github
2024-07-10 23:08:35.674 [info] ExtensionService#_doActivateExtension vscode.ipynb, startup: false, activationEvent: 'onNotebookSerializer:jupyter-notebook'
2024-07-10 23:08:36.405 [info] ExtensionService#_doActivateExtension vscode.emmet, startup: false, activationEvent: 'onLanguage'
2024-07-10 23:08:36.570 [info] ExtensionService#_doActivateExtension vscode.configuration-editing, startup: false, activationEvent: 'onLanguage:jsonc'
2024-07-10 23:08:36.570 [info] ExtensionService#_doActivateExtension vscode.json-language-features, startup: false, activationEvent: 'onLanguage:jsonc'
2024-07-10 23:08:36.570 [info] ExtensionService#_doActivateExtension vscode.typescript-language-features, startup: false, activationEvent: 'onLanguage:jsonc'
2024-07-10 23:08:45.024 [info] ExtensionService#_doActivateExtension ms-python.python, startup: false, activationEvent: 'onLanguage:python', root cause: ms-python.debugpy
2024-07-10 23:08:45.271 [info] ExtensionService#_doActivateExtension ms-python.debugpy, startup: false, activationEvent: 'onLanguage:python'
2024-07-10 23:08:45.271 [info] ExtensionService#_doActivateExtension ms-python.vscode-pylance, startup: false, activationEvent: 'onLanguage:python'
2024-07-10 23:09:08.943 [info] ExtensionService#_doActivateExtension ms-toolsai.vscode-jupyter-slideshow, startup: false, activationEvent: 'onNotebook:jupyter-notebook'
2024-07-10 23:09:08.943 [info] ExtensionService#_doActivateExtension ms-toolsai.vscode-jupyter-cell-tags, startup: false, activationEvent: 'onNotebook:jupyter-notebook'
2024-07-10 23:09:08.943 [info] ExtensionService#_doActivateExtension ms-toolsai.jupyter, startup: false, activationEvent: 'onLanguage:python'
2024-07-10 23:09:09.255 [info] ExtensionService#_doActivateExtension ms-toolsai.jupyter-renderers, startup: false, activationEvent: 'api', root cause: ms-toolsai.jupyter
2024-07-10 23:14:17.266 [error] [ms-python.python] provider FAILED
2024-07-10 23:14:17.266 [error] Error: Request textDocument/codeAction failed with message: index is out of range
	at ae (/home/ws_prot_8/.vscode-server/extensions/ms-python.python-2024.10.0-linux-x64/out/client/extension.js:2:1947043)
	at oe (/home/ws_prot_8/.vscode-server/extensions/ms-python.python-2024.10.0-linux-x64/out/client/extension.js:2:1945003)
	at Immediate.<anonymous> (/home/ws_prot_8/.vscode-server/extensions/ms-python.python-2024.10.0-linux-x64/out/client/extension.js:2:1941297)
	at process.processImmediate (node:internal/timers:478:21)
2024-07-10 23:14:47.351 [error] [ms-python.python] provider FAILED
2024-07-10 23:14:47.352 [error] Error: Request textDocument/codeAction failed with message: index is out of range
	at ae (/home/ws_prot_8/.vscode-server/extensions/ms-python.python-2024.10.0-linux-x64/out/client/extension.js:2:1947043)
	at oe (/home/ws_prot_8/.vscode-server/extensions/ms-python.python-2024.10.0-linux-x64/out/client/extension.js:2:1945003)
	at Immediate.<anonymous> (/home/ws_prot_8/.vscode-server/extensions/ms-python.python-2024.10.0-linux-x64/out/client/extension.js:2:1941297)
	at process.processImmediate (node:internal/timers:478:21)
